[2023-12-16 14:18:55] [ INFO ] [UsuarioService:53] usuario cargado con exito
[2023-12-16 14:19:55] [ INFO ] [UsuarioService:91] en la busqueda para el usuario del dashboard se armo este objeto:com.crece.crece.model.dto.UsuarioDashboardDTO@1915c0c2
[2023-12-16 14:24:26] [ INFO ] [UsuarioService:92] en la busqueda para el usuario del dashboard se armo este objeto:com.crece.crece.model.dto.UsuarioDashboardDTO@2c5d1e1b
[2023-12-16 14:25:40] [ INFO ] [UsuarioService:92] en la busqueda para el usuario del dashboard se armo este objeto: com.crece.crece.model.dto.UsuarioDashboardDTO@7c065065
[2023-12-16 14:26:57] [ INFO ] [UsuarioService:92] en la busqueda para el usuario del dashboard se armo este objeto: UsuarioDashboardDTO(id=2, nombre=Leonardo, apellido=Spadavecchia, email=null, edificio=com.crece.crece.model.Edificio@9ef9afa)
[2023-12-16 14:29:41] [ INFO ] [UsuarioService:92] en la busqueda para el usuario del dashboard se armo este objeto: UsuarioDashboardDTO(id=2, nombre=Leonardo, apellido=Spadavecchia, email=leito@gmail.com, edificio=com.crece.crece.model.Edificio@1ec89275)
[2023-12-16 14:36:46] [ INFO ] [UsuarioService:92] en la busqueda para el usuario del dashboard se armo este objeto: UsuarioDashboardDTO(id=2, nombre=Leonardo, apellido=Spadavecchia, email=leito@gmail.com, edificio=com.crece.crece.model.Edificio@9ef9afa)
[2023-12-16 14:36:46] [ INFO ] [DashboardController:34] se accedio correctamente al usuario: status: <200 OK OK,UsuarioDashboardDTO(id=2, nombre=Leonardo, apellido=Spadavecchia, email=leito@gmail.com, edificio=com.crece.crece.model.Edificio@9ef9afa),[]> objeto: UsuarioDashboardDTO(id=2, nombre=Leonardo, apellido=Spadavecchia, email=leito@gmail.com, edificio=com.crece.crece.model.Edificio@9ef9afa)
[2023-12-16 21:10:26] [ INFO ] [UsuarioService:53] usuario registrado con exito
[2023-12-16 21:11:03] [ INFO ] [UsuarioService:53] usuario registrado con exito
[2023-12-16 21:19:00] [ INFO ] [UsuarioService:53] usuario registrado con exito
[2023-12-16 21:19:05] [ INFO ] [UsuarioService:53] usuario registrado con exito
[2023-12-19 16:35:57] [ INFO ] [UsuarioService:53] usuario registrado con exito
[2023-12-19 16:36:18] [ INFO ] [UsuarioService:53] usuario registrado con exito
[2023-12-19 18:04:34] [ INFO ] [UsuarioService:92] en la busqueda para el usuario del dashboard se armo este objeto: UsuarioDashboardDTO(id=10, nombre=Gonza, apellido=Pena, email=penagonza@hotmail.com, edificio=com.crece.crece.model.Edificio@1f5786f8)
[2023-12-19 18:04:34] [ INFO ] [UsuarioService:92] en la busqueda para el usuario del dashboard se armo este objeto: UsuarioDashboardDTO(id=10, nombre=Gonza, apellido=Pena, email=penagonza@hotmail.com, edificio=com.crece.crece.model.Edificio@76dbdb21)
[2023-12-19 18:04:34] [ INFO ] [DashboardController:34] se accedio correctamente al usuario: status: <200 OK OK,UsuarioDashboardDTO(id=10, nombre=Gonza, apellido=Pena, email=penagonza@hotmail.com, edificio=com.crece.crece.model.Edificio@1f5786f8),[]>
[2023-12-19 18:04:34] [ INFO ] [DashboardController:34] se accedio correctamente al usuario: status: <200 OK OK,UsuarioDashboardDTO(id=10, nombre=Gonza, apellido=Pena, email=penagonza@hotmail.com, edificio=com.crece.crece.model.Edificio@76dbdb21),[]>
[2023-12-19 18:05:35] [ INFO ] [UsuarioService:92] en la busqueda para el usuario del dashboard se armo este objeto: UsuarioDashboardDTO(id=10, nombre=Gonza, apellido=Pena, email=penagonza@hotmail.com, edificio=com.crece.crece.model.Edificio@7c8ec89e)
[2023-12-19 18:05:35] [ INFO ] [UsuarioService:92] en la busqueda para el usuario del dashboard se armo este objeto: UsuarioDashboardDTO(id=10, nombre=Gonza, apellido=Pena, email=penagonza@hotmail.com, edificio=com.crece.crece.model.Edificio@3a03ef02)
[2023-12-19 18:05:35] [ INFO ] [DashboardController:34] se accedio correctamente al usuario: status: <200 OK OK,UsuarioDashboardDTO(id=10, nombre=Gonza, apellido=Pena, email=penagonza@hotmail.com, edificio=com.crece.crece.model.Edificio@7c8ec89e),[]>
[2023-12-19 18:05:35] [ INFO ] [DashboardController:34] se accedio correctamente al usuario: status: <200 OK OK,UsuarioDashboardDTO(id=10, nombre=Gonza, apellido=Pena, email=penagonza@hotmail.com, edificio=com.crece.crece.model.Edificio@3a03ef02),[]>
[2023-12-19 18:08:16] [ INFO ] [UsuarioService:92] en la busqueda para el usuario del dashboard se armo este objeto: UsuarioDashboardDTO(id=10, nombre=Gonza, apellido=Pena, email=penagonza@hotmail.com, edificio=com.crece.crece.model.Edificio@74110ede)
[2023-12-19 18:08:16] [ INFO ] [DashboardController:34] se accedio correctamente al usuario: status: <200 OK OK,UsuarioDashboardDTO(id=10, nombre=Gonza, apellido=Pena, email=penagonza@hotmail.com, edificio=com.crece.crece.model.Edificio@74110ede),[]>
[2023-12-19 18:08:16] [ INFO ] [UsuarioService:92] en la busqueda para el usuario del dashboard se armo este objeto: UsuarioDashboardDTO(id=10, nombre=Gonza, apellido=Pena, email=penagonza@hotmail.com, edificio=com.crece.crece.model.Edificio@4b5ee4ee)
[2023-12-19 18:08:16] [ INFO ] [DashboardController:34] se accedio correctamente al usuario: status: <200 OK OK,UsuarioDashboardDTO(id=10, nombre=Gonza, apellido=Pena, email=penagonza@hotmail.com, edificio=com.crece.crece.model.Edificio@4b5ee4ee),[]>
[2023-12-19 18:09:35] [ INFO ] [UsuarioService:92] en la busqueda para el usuario del dashboard se armo este objeto: UsuarioDashboardDTO(id=10, nombre=Gonza, apellido=Pena, email=penagonza@hotmail.com, edificio=com.crece.crece.model.Edificio@53aaf8a1)
[2023-12-19 18:09:35] [ INFO ] [DashboardController:34] se accedio correctamente al usuario: status: <200 OK OK,UsuarioDashboardDTO(id=10, nombre=Gonza, apellido=Pena, email=penagonza@hotmail.com, edificio=com.crece.crece.model.Edificio@53aaf8a1),[]>
[2023-12-19 18:09:35] [ INFO ] [UsuarioService:92] en la busqueda para el usuario del dashboard se armo este objeto: UsuarioDashboardDTO(id=10, nombre=Gonza, apellido=Pena, email=penagonza@hotmail.com, edificio=com.crece.crece.model.Edificio@7f60d0a0)
[2023-12-19 18:09:35] [ INFO ] [DashboardController:34] se accedio correctamente al usuario: status: <200 OK OK,UsuarioDashboardDTO(id=10, nombre=Gonza, apellido=Pena, email=penagonza@hotmail.com, edificio=com.crece.crece.model.Edificio@7f60d0a0),[]>
[2023-12-19 18:10:38] [ INFO ] [UsuarioService:92] en la busqueda para el usuario del dashboard se armo este objeto: UsuarioDashboardDTO(id=10, nombre=Gonza, apellido=Pena, email=penagonza@hotmail.com, edificio=com.crece.crece.model.Edificio@4ccab4d3)
[2023-12-19 18:10:38] [ INFO ] [DashboardController:34] se accedio correctamente al usuario: status: <200 OK OK,UsuarioDashboardDTO(id=10, nombre=Gonza, apellido=Pena, email=penagonza@hotmail.com, edificio=com.crece.crece.model.Edificio@4ccab4d3),[]>
[2023-12-19 18:10:38] [ INFO ] [UsuarioService:92] en la busqueda para el usuario del dashboard se armo este objeto: UsuarioDashboardDTO(id=10, nombre=Gonza, apellido=Pena, email=penagonza@hotmail.com, edificio=com.crece.crece.model.Edificio@76880274)
[2023-12-19 18:10:38] [ INFO ] [DashboardController:34] se accedio correctamente al usuario: status: <200 OK OK,UsuarioDashboardDTO(id=10, nombre=Gonza, apellido=Pena, email=penagonza@hotmail.com, edificio=com.crece.crece.model.Edificio@76880274),[]>
[2023-12-19 18:10:55] [ INFO ] [UsuarioService:92] en la busqueda para el usuario del dashboard se armo este objeto: UsuarioDashboardDTO(id=10, nombre=Gonza, apellido=Pena, email=penagonza@hotmail.com, edificio=com.crece.crece.model.Edificio@75dc185f)
[2023-12-19 18:10:55] [ INFO ] [DashboardController:34] se accedio correctamente al usuario: status: <200 OK OK,UsuarioDashboardDTO(id=10, nombre=Gonza, apellido=Pena, email=penagonza@hotmail.com, edificio=com.crece.crece.model.Edificio@75dc185f),[]>
[2023-12-19 18:10:55] [ INFO ] [UsuarioService:92] en la busqueda para el usuario del dashboard se armo este objeto: UsuarioDashboardDTO(id=10, nombre=Gonza, apellido=Pena, email=penagonza@hotmail.com, edificio=com.crece.crece.model.Edificio@329c61cd)
[2023-12-19 18:10:55] [ INFO ] [DashboardController:34] se accedio correctamente al usuario: status: <200 OK OK,UsuarioDashboardDTO(id=10, nombre=Gonza, apellido=Pena, email=penagonza@hotmail.com, edificio=com.crece.crece.model.Edificio@329c61cd),[]>
[2023-12-19 18:13:15] [ INFO ] [UsuarioService:92] en la busqueda para el usuario del dashboard se armo este objeto: UsuarioDashboardDTO(id=10, nombre=Gonza, apellido=Pena, email=penagonza@hotmail.com, edificio=com.crece.crece.model.Edificio@79617687)
[2023-12-19 18:13:15] [ INFO ] [DashboardController:34] se accedio correctamente al usuario: status: <200 OK OK,UsuarioDashboardDTO(id=10, nombre=Gonza, apellido=Pena, email=penagonza@hotmail.com, edificio=com.crece.crece.model.Edificio@79617687),[]>
[2023-12-19 18:13:15] [ INFO ] [UsuarioService:92] en la busqueda para el usuario del dashboard se armo este objeto: UsuarioDashboardDTO(id=10, nombre=Gonza, apellido=Pena, email=penagonza@hotmail.com, edificio=com.crece.crece.model.Edificio@7b249f4f)
[2023-12-19 18:13:15] [ INFO ] [DashboardController:34] se accedio correctamente al usuario: status: <200 OK OK,UsuarioDashboardDTO(id=10, nombre=Gonza, apellido=Pena, email=penagonza@hotmail.com, edificio=com.crece.crece.model.Edificio@7b249f4f),[]>
[2023-12-19 18:14:07] [ INFO ] [UsuarioService:92] en la busqueda para el usuario del dashboard se armo este objeto: UsuarioDashboardDTO(id=10, nombre=Gonza, apellido=Pena, email=penagonza@hotmail.com, edificio=com.crece.crece.model.Edificio@1ef60985)
[2023-12-19 18:14:07] [ INFO ] [DashboardController:34] se accedio correctamente al usuario: status: <200 OK OK,UsuarioDashboardDTO(id=10, nombre=Gonza, apellido=Pena, email=penagonza@hotmail.com, edificio=com.crece.crece.model.Edificio@1ef60985),[]>
[2023-12-19 18:14:07] [ INFO ] [UsuarioService:92] en la busqueda para el usuario del dashboard se armo este objeto: UsuarioDashboardDTO(id=10, nombre=Gonza, apellido=Pena, email=penagonza@hotmail.com, edificio=com.crece.crece.model.Edificio@27284672)
[2023-12-19 18:14:07] [ INFO ] [DashboardController:34] se accedio correctamente al usuario: status: <200 OK OK,UsuarioDashboardDTO(id=10, nombre=Gonza, apellido=Pena, email=penagonza@hotmail.com, edificio=com.crece.crece.model.Edificio@27284672),[]>
[2023-12-19 18:16:06] [ INFO ] [UsuarioService:92] en la busqueda para el usuario del dashboard se armo este objeto: UsuarioDashboardDTO(id=10, nombre=Gonza, apellido=Pena, email=penagonza@hotmail.com, edificio=com.crece.crece.model.Edificio@589c83c2)
[2023-12-19 18:16:06] [ INFO ] [UsuarioService:92] en la busqueda para el usuario del dashboard se armo este objeto: UsuarioDashboardDTO(id=10, nombre=Gonza, apellido=Pena, email=penagonza@hotmail.com, edificio=com.crece.crece.model.Edificio@580a7703)
[2023-12-19 18:16:06] [ INFO ] [DashboardController:34] se accedio correctamente al usuario: status: <200 OK OK,UsuarioDashboardDTO(id=10, nombre=Gonza, apellido=Pena, email=penagonza@hotmail.com, edificio=com.crece.crece.model.Edificio@589c83c2),[]>
[2023-12-19 18:16:06] [ INFO ] [DashboardController:34] se accedio correctamente al usuario: status: <200 OK OK,UsuarioDashboardDTO(id=10, nombre=Gonza, apellido=Pena, email=penagonza@hotmail.com, edificio=com.crece.crece.model.Edificio@580a7703),[]>
[2023-12-19 18:19:00] [ INFO ] [UsuarioService:92] en la busqueda para el usuario del dashboard se armo este objeto: UsuarioDashboardDTO(id=10, nombre=Gonza, apellido=Pena, email=penagonza@hotmail.com, edificio=com.crece.crece.model.Edificio@508e5cbf)
[2023-12-19 18:19:00] [ INFO ] [DashboardController:34] se accedio correctamente al usuario: status: <200 OK OK,UsuarioDashboardDTO(id=10, nombre=Gonza, apellido=Pena, email=penagonza@hotmail.com, edificio=com.crece.crece.model.Edificio@508e5cbf),[]>
[2023-12-19 18:19:00] [ INFO ] [UsuarioService:92] en la busqueda para el usuario del dashboard se armo este objeto: UsuarioDashboardDTO(id=10, nombre=Gonza, apellido=Pena, email=penagonza@hotmail.com, edificio=com.crece.crece.model.Edificio@49c0f936)
[2023-12-19 18:19:00] [ INFO ] [DashboardController:34] se accedio correctamente al usuario: status: <200 OK OK,UsuarioDashboardDTO(id=10, nombre=Gonza, apellido=Pena, email=penagonza@hotmail.com, edificio=com.crece.crece.model.Edificio@49c0f936),[]>
[2023-12-19 18:29:19] [ INFO ] [UsuarioService:92] en la busqueda para el usuario del dashboard se armo este objeto: UsuarioDashboardDTO(id=10, nombre=Gonza, apellido=Pena, email=penagonza@hotmail.com, edificio=com.crece.crece.model.Edificio@754811fb)
[2023-12-19 18:29:19] [ INFO ] [UsuarioService:92] en la busqueda para el usuario del dashboard se armo este objeto: UsuarioDashboardDTO(id=10, nombre=Gonza, apellido=Pena, email=penagonza@hotmail.com, edificio=com.crece.crece.model.Edificio@e510e8a)
[2023-12-19 18:29:19] [ INFO ] [DashboardController:34] se accedio correctamente al usuario: status: <200 OK OK,UsuarioDashboardDTO(id=10, nombre=Gonza, apellido=Pena, email=penagonza@hotmail.com, edificio=com.crece.crece.model.Edificio@e510e8a),[]>
[2023-12-19 18:29:19] [ INFO ] [DashboardController:34] se accedio correctamente al usuario: status: <200 OK OK,UsuarioDashboardDTO(id=10, nombre=Gonza, apellido=Pena, email=penagonza@hotmail.com, edificio=com.crece.crece.model.Edificio@754811fb),[]>
[2023-12-19 18:29:30] [ INFO ] [UsuarioService:92] en la busqueda para el usuario del dashboard se armo este objeto: UsuarioDashboardDTO(id=10, nombre=Gonza, apellido=Pena, email=penagonza@hotmail.com, edificio=com.crece.crece.model.Edificio@3a70a4c7)
[2023-12-19 18:29:30] [ INFO ] [DashboardController:34] se accedio correctamente al usuario: status: <200 OK OK,UsuarioDashboardDTO(id=10, nombre=Gonza, apellido=Pena, email=penagonza@hotmail.com, edificio=com.crece.crece.model.Edificio@3a70a4c7),[]>
[2023-12-19 18:29:30] [ INFO ] [UsuarioService:92] en la busqueda para el usuario del dashboard se armo este objeto: UsuarioDashboardDTO(id=10, nombre=Gonza, apellido=Pena, email=penagonza@hotmail.com, edificio=com.crece.crece.model.Edificio@a7a5ab0)
[2023-12-19 18:29:30] [ INFO ] [DashboardController:34] se accedio correctamente al usuario: status: <200 OK OK,UsuarioDashboardDTO(id=10, nombre=Gonza, apellido=Pena, email=penagonza@hotmail.com, edificio=com.crece.crece.model.Edificio@a7a5ab0),[]>
[2023-12-19 18:45:47] [ INFO ] [UsuarioService:92] en la busqueda para el usuario del dashboard se armo este objeto: UsuarioDashboardDTO(id=10, nombre=Gonza, apellido=Pena, email=penagonza@hotmail.com, edificio=com.crece.crece.model.Edificio@3585f744)
[2023-12-19 18:45:47] [ INFO ] [DashboardController:34] se accedio correctamente al usuario: status: <200 OK OK,UsuarioDashboardDTO(id=10, nombre=Gonza, apellido=Pena, email=penagonza@hotmail.com, edificio=com.crece.crece.model.Edificio@3585f744),[]>
[2023-12-19 18:45:47] [ INFO ] [UsuarioService:92] en la busqueda para el usuario del dashboard se armo este objeto: UsuarioDashboardDTO(id=10, nombre=Gonza, apellido=Pena, email=penagonza@hotmail.com, edificio=com.crece.crece.model.Edificio@183a4a58)
[2023-12-19 18:45:47] [ INFO ] [DashboardController:34] se accedio correctamente al usuario: status: <200 OK OK,UsuarioDashboardDTO(id=10, nombre=Gonza, apellido=Pena, email=penagonza@hotmail.com, edificio=com.crece.crece.model.Edificio@183a4a58),[]>
[2023-12-19 18:52:50] [ INFO ] [UsuarioService:92] en la busqueda para el usuario del dashboard se armo este objeto: UsuarioDashboardDTO(id=10, nombre=Gonza, apellido=Pena, email=penagonza@hotmail.com, edificio=com.crece.crece.model.Edificio@1c6e1b5c)
[2023-12-19 18:52:50] [ INFO ] [DashboardController:34] se accedio correctamente al usuario: status: <200 OK OK,UsuarioDashboardDTO(id=10, nombre=Gonza, apellido=Pena, email=penagonza@hotmail.com, edificio=com.crece.crece.model.Edificio@1c6e1b5c),[]>
[2023-12-19 18:52:50] [ INFO ] [UsuarioService:92] en la busqueda para el usuario del dashboard se armo este objeto: UsuarioDashboardDTO(id=10, nombre=Gonza, apellido=Pena, email=penagonza@hotmail.com, edificio=com.crece.crece.model.Edificio@3838cf5e)
[2023-12-19 18:52:50] [ INFO ] [DashboardController:34] se accedio correctamente al usuario: status: <200 OK OK,UsuarioDashboardDTO(id=10, nombre=Gonza, apellido=Pena, email=penagonza@hotmail.com, edificio=com.crece.crece.model.Edificio@3838cf5e),[]>
[2023-12-19 18:53:05] [ INFO ] [UsuarioService:92] en la busqueda para el usuario del dashboard se armo este objeto: UsuarioDashboardDTO(id=10, nombre=Gonza, apellido=Pena, email=penagonza@hotmail.com, edificio=com.crece.crece.model.Edificio@49756c2c)
[2023-12-19 18:53:05] [ INFO ] [DashboardController:34] se accedio correctamente al usuario: status: <200 OK OK,UsuarioDashboardDTO(id=10, nombre=Gonza, apellido=Pena, email=penagonza@hotmail.com, edificio=com.crece.crece.model.Edificio@49756c2c),[]>
[2023-12-19 18:53:05] [ INFO ] [UsuarioService:92] en la busqueda para el usuario del dashboard se armo este objeto: UsuarioDashboardDTO(id=10, nombre=Gonza, apellido=Pena, email=penagonza@hotmail.com, edificio=com.crece.crece.model.Edificio@2aa85c68)
[2023-12-19 18:53:05] [ INFO ] [DashboardController:34] se accedio correctamente al usuario: status: <200 OK OK,UsuarioDashboardDTO(id=10, nombre=Gonza, apellido=Pena, email=penagonza@hotmail.com, edificio=com.crece.crece.model.Edificio@2aa85c68),[]>
[2023-12-19 18:55:43] [ INFO ] [UsuarioService:92] en la busqueda para el usuario del dashboard se armo este objeto: UsuarioDashboardDTO(id=10, nombre=Gonza, apellido=Pena, email=penagonza@hotmail.com, edificio=com.crece.crece.model.Edificio@57f984be)
[2023-12-19 18:55:43] [ INFO ] [DashboardController:34] se accedio correctamente al usuario: status: <200 OK OK,UsuarioDashboardDTO(id=10, nombre=Gonza, apellido=Pena, email=penagonza@hotmail.com, edificio=com.crece.crece.model.Edificio@57f984be),[]>
[2023-12-19 18:55:43] [ INFO ] [UsuarioService:92] en la busqueda para el usuario del dashboard se armo este objeto: UsuarioDashboardDTO(id=10, nombre=Gonza, apellido=Pena, email=penagonza@hotmail.com, edificio=com.crece.crece.model.Edificio@7b3cadc5)
[2023-12-19 18:55:43] [ INFO ] [DashboardController:34] se accedio correctamente al usuario: status: <200 OK OK,UsuarioDashboardDTO(id=10, nombre=Gonza, apellido=Pena, email=penagonza@hotmail.com, edificio=com.crece.crece.model.Edificio@7b3cadc5),[]>
[2023-12-19 19:01:05] [ INFO ] [UsuarioService:92] en la busqueda para el usuario del dashboard se armo este objeto: UsuarioDashboardDTO(id=10, nombre=Gonza, apellido=Pena, email=penagonza@hotmail.com, edificio=com.crece.crece.model.Edificio@7ff68f9b)
[2023-12-19 19:01:05] [ INFO ] [DashboardController:34] se accedio correctamente al usuario: status: <200 OK OK,UsuarioDashboardDTO(id=10, nombre=Gonza, apellido=Pena, email=penagonza@hotmail.com, edificio=com.crece.crece.model.Edificio@7ff68f9b),[]>
[2023-12-19 19:01:05] [ INFO ] [UsuarioService:92] en la busqueda para el usuario del dashboard se armo este objeto: UsuarioDashboardDTO(id=10, nombre=Gonza, apellido=Pena, email=penagonza@hotmail.com, edificio=com.crece.crece.model.Edificio@5bbfd78e)
[2023-12-19 19:01:05] [ INFO ] [DashboardController:34] se accedio correctamente al usuario: status: <200 OK OK,UsuarioDashboardDTO(id=10, nombre=Gonza, apellido=Pena, email=penagonza@hotmail.com, edificio=com.crece.crece.model.Edificio@5bbfd78e),[]>
[2023-12-19 19:08:46] [ INFO ] [UsuarioService:92] en la busqueda para el usuario del dashboard se armo este objeto: UsuarioDashboardDTO(id=10, nombre=Gonza, apellido=Pena, email=penagonza@hotmail.com, edificio=com.crece.crece.model.Edificio@5b7efd25)
[2023-12-19 19:08:46] [ INFO ] [DashboardController:34] se accedio correctamente al usuario: status: <200 OK OK,UsuarioDashboardDTO(id=10, nombre=Gonza, apellido=Pena, email=penagonza@hotmail.com, edificio=com.crece.crece.model.Edificio@5b7efd25),[]>
[2023-12-19 19:08:46] [ INFO ] [UsuarioService:92] en la busqueda para el usuario del dashboard se armo este objeto: UsuarioDashboardDTO(id=10, nombre=Gonza, apellido=Pena, email=penagonza@hotmail.com, edificio=com.crece.crece.model.Edificio@44dad893)
[2023-12-19 19:08:46] [ INFO ] [DashboardController:34] se accedio correctamente al usuario: status: <200 OK OK,UsuarioDashboardDTO(id=10, nombre=Gonza, apellido=Pena, email=penagonza@hotmail.com, edificio=com.crece.crece.model.Edificio@44dad893),[]>
[2023-12-19 19:11:20] [ INFO ] [UsuarioService:92] en la busqueda para el usuario del dashboard se armo este objeto: UsuarioDashboardDTO(id=10, nombre=Gonza, apellido=Pena, email=penagonza@hotmail.com, edificio=com.crece.crece.model.Edificio@27511d15)
[2023-12-19 19:11:20] [ INFO ] [UsuarioService:92] en la busqueda para el usuario del dashboard se armo este objeto: UsuarioDashboardDTO(id=10, nombre=Gonza, apellido=Pena, email=penagonza@hotmail.com, edificio=com.crece.crece.model.Edificio@19956c0a)
[2023-12-19 19:11:20] [ INFO ] [DashboardController:34] se accedio correctamente al usuario: status: <200 OK OK,UsuarioDashboardDTO(id=10, nombre=Gonza, apellido=Pena, email=penagonza@hotmail.com, edificio=com.crece.crece.model.Edificio@27511d15),[]>
[2023-12-19 19:11:20] [ INFO ] [DashboardController:34] se accedio correctamente al usuario: status: <200 OK OK,UsuarioDashboardDTO(id=10, nombre=Gonza, apellido=Pena, email=penagonza@hotmail.com, edificio=com.crece.crece.model.Edificio@19956c0a),[]>
[2023-12-19 19:11:51] [ INFO ] [UsuarioService:92] en la busqueda para el usuario del dashboard se armo este objeto: UsuarioDashboardDTO(id=10, nombre=Gonza, apellido=Pena, email=penagonza@hotmail.com, edificio=com.crece.crece.model.Edificio@4791ed78)
[2023-12-19 19:11:51] [ INFO ] [UsuarioService:92] en la busqueda para el usuario del dashboard se armo este objeto: UsuarioDashboardDTO(id=10, nombre=Gonza, apellido=Pena, email=penagonza@hotmail.com, edificio=com.crece.crece.model.Edificio@71bb84d8)
[2023-12-19 19:11:51] [ INFO ] [DashboardController:34] se accedio correctamente al usuario: status: <200 OK OK,UsuarioDashboardDTO(id=10, nombre=Gonza, apellido=Pena, email=penagonza@hotmail.com, edificio=com.crece.crece.model.Edificio@4791ed78),[]>
[2023-12-19 19:11:51] [ INFO ] [DashboardController:34] se accedio correctamente al usuario: status: <200 OK OK,UsuarioDashboardDTO(id=10, nombre=Gonza, apellido=Pena, email=penagonza@hotmail.com, edificio=com.crece.crece.model.Edificio@71bb84d8),[]>
[2023-12-19 19:19:45] [ INFO ] [UsuarioService:92] en la busqueda para el usuario del dashboard se armo este objeto: UsuarioDashboardDTO(id=10, nombre=Gonza, apellido=Pena, email=penagonza@hotmail.com, edificio=com.crece.crece.model.Edificio@1d412219)
[2023-12-19 19:19:45] [ INFO ] [DashboardController:34] se accedio correctamente al usuario: status: <200 OK OK,UsuarioDashboardDTO(id=10, nombre=Gonza, apellido=Pena, email=penagonza@hotmail.com, edificio=com.crece.crece.model.Edificio@1d412219),[]>
[2023-12-19 19:19:46] [ INFO ] [UsuarioService:92] en la busqueda para el usuario del dashboard se armo este objeto: UsuarioDashboardDTO(id=10, nombre=Gonza, apellido=Pena, email=penagonza@hotmail.com, edificio=com.crece.crece.model.Edificio@349ae421)
[2023-12-19 19:19:46] [ INFO ] [DashboardController:34] se accedio correctamente al usuario: status: <200 OK OK,UsuarioDashboardDTO(id=10, nombre=Gonza, apellido=Pena, email=penagonza@hotmail.com, edificio=com.crece.crece.model.Edificio@349ae421),[]>
[2023-12-19 19:20:19] [ INFO ] [UsuarioService:92] en la busqueda para el usuario del dashboard se armo este objeto: UsuarioDashboardDTO(id=10, nombre=Gonza, apellido=Pena, email=penagonza@hotmail.com, edificio=com.crece.crece.model.Edificio@6a288d5e)
[2023-12-19 19:20:19] [ INFO ] [UsuarioService:92] en la busqueda para el usuario del dashboard se armo este objeto: UsuarioDashboardDTO(id=10, nombre=Gonza, apellido=Pena, email=penagonza@hotmail.com, edificio=com.crece.crece.model.Edificio@1200a59f)
[2023-12-19 19:20:19] [ INFO ] [DashboardController:34] se accedio correctamente al usuario: status: <200 OK OK,UsuarioDashboardDTO(id=10, nombre=Gonza, apellido=Pena, email=penagonza@hotmail.com, edificio=com.crece.crece.model.Edificio@6a288d5e),[]>
[2023-12-19 19:20:19] [ INFO ] [DashboardController:34] se accedio correctamente al usuario: status: <200 OK OK,UsuarioDashboardDTO(id=10, nombre=Gonza, apellido=Pena, email=penagonza@hotmail.com, edificio=com.crece.crece.model.Edificio@1200a59f),[]>
[2023-12-19 19:20:32] [ INFO ] [UsuarioService:92] en la busqueda para el usuario del dashboard se armo este objeto: UsuarioDashboardDTO(id=10, nombre=Gonza, apellido=Pena, email=penagonza@hotmail.com, edificio=com.crece.crece.model.Edificio@5b375cfd)
[2023-12-19 19:20:32] [ INFO ] [DashboardController:34] se accedio correctamente al usuario: status: <200 OK OK,UsuarioDashboardDTO(id=10, nombre=Gonza, apellido=Pena, email=penagonza@hotmail.com, edificio=com.crece.crece.model.Edificio@5b375cfd),[]>
[2023-12-19 19:20:32] [ INFO ] [UsuarioService:92] en la busqueda para el usuario del dashboard se armo este objeto: UsuarioDashboardDTO(id=10, nombre=Gonza, apellido=Pena, email=penagonza@hotmail.com, edificio=com.crece.crece.model.Edificio@33f1df17)
[2023-12-19 19:20:32] [ INFO ] [DashboardController:34] se accedio correctamente al usuario: status: <200 OK OK,UsuarioDashboardDTO(id=10, nombre=Gonza, apellido=Pena, email=penagonza@hotmail.com, edificio=com.crece.crece.model.Edificio@33f1df17),[]>
[2023-12-19 19:24:51] [ INFO ] [UsuarioService:92] en la busqueda para el usuario del dashboard se armo este objeto: UsuarioDashboardDTO(id=10, nombre=Gonza, apellido=Pena, email=penagonza@hotmail.com, edificio=com.crece.crece.model.Edificio@3ffb2660)
[2023-12-19 19:24:51] [ INFO ] [DashboardController:34] se accedio correctamente al usuario: status: <200 OK OK,UsuarioDashboardDTO(id=10, nombre=Gonza, apellido=Pena, email=penagonza@hotmail.com, edificio=com.crece.crece.model.Edificio@3ffb2660),[]>
[2023-12-19 19:24:51] [ INFO ] [UsuarioService:92] en la busqueda para el usuario del dashboard se armo este objeto: UsuarioDashboardDTO(id=10, nombre=Gonza, apellido=Pena, email=penagonza@hotmail.com, edificio=com.crece.crece.model.Edificio@19b42c78)
[2023-12-19 19:24:51] [ INFO ] [DashboardController:34] se accedio correctamente al usuario: status: <200 OK OK,UsuarioDashboardDTO(id=10, nombre=Gonza, apellido=Pena, email=penagonza@hotmail.com, edificio=com.crece.crece.model.Edificio@19b42c78),[]>
[2023-12-19 19:42:27] [ INFO ] [UsuarioService:92] en la busqueda para el usuario del dashboard se armo este objeto: UsuarioDashboardDTO(id=10, nombre=Gonza, apellido=Pena, email=penagonza@hotmail.com, edificio=com.crece.crece.model.Edificio@33f1df17)
[2023-12-19 19:42:27] [ INFO ] [DashboardController:34] se accedio correctamente al usuario: status: <200 OK OK,UsuarioDashboardDTO(id=10, nombre=Gonza, apellido=Pena, email=penagonza@hotmail.com, edificio=com.crece.crece.model.Edificio@33f1df17),[]>
[2023-12-19 19:42:27] [ INFO ] [UsuarioService:92] en la busqueda para el usuario del dashboard se armo este objeto: UsuarioDashboardDTO(id=10, nombre=Gonza, apellido=Pena, email=penagonza@hotmail.com, edificio=com.crece.crece.model.Edificio@47a06dbd)
[2023-12-19 19:42:27] [ INFO ] [DashboardController:34] se accedio correctamente al usuario: status: <200 OK OK,UsuarioDashboardDTO(id=10, nombre=Gonza, apellido=Pena, email=penagonza@hotmail.com, edificio=com.crece.crece.model.Edificio@47a06dbd),[]>
[2023-12-19 19:47:46] [ INFO ] [UsuarioService:92] en la busqueda para el usuario del dashboard se armo este objeto: UsuarioDashboardDTO(id=10, nombre=Gonza, apellido=Pena, email=penagonza@hotmail.com, edificio=com.crece.crece.model.Edificio@6642fdc6)
[2023-12-19 19:47:46] [ INFO ] [DashboardController:34] se accedio correctamente al usuario: status: <200 OK OK,UsuarioDashboardDTO(id=10, nombre=Gonza, apellido=Pena, email=penagonza@hotmail.com, edificio=com.crece.crece.model.Edificio@6642fdc6),[]>
[2023-12-19 19:47:46] [ INFO ] [UsuarioService:92] en la busqueda para el usuario del dashboard se armo este objeto: UsuarioDashboardDTO(id=10, nombre=Gonza, apellido=Pena, email=penagonza@hotmail.com, edificio=com.crece.crece.model.Edificio@72d0aab0)
[2023-12-19 19:47:46] [ INFO ] [DashboardController:34] se accedio correctamente al usuario: status: <200 OK OK,UsuarioDashboardDTO(id=10, nombre=Gonza, apellido=Pena, email=penagonza@hotmail.com, edificio=com.crece.crece.model.Edificio@72d0aab0),[]>
[2023-12-19 19:50:11] [ INFO ] [UsuarioService:92] en la busqueda para el usuario del dashboard se armo este objeto: UsuarioDashboardDTO(id=10, nombre=Gonza, apellido=Pena, email=penagonza@hotmail.com, edificio=com.crece.crece.model.Edificio@35f052)
[2023-12-19 19:50:11] [ INFO ] [UsuarioService:92] en la busqueda para el usuario del dashboard se armo este objeto: UsuarioDashboardDTO(id=10, nombre=Gonza, apellido=Pena, email=penagonza@hotmail.com, edificio=com.crece.crece.model.Edificio@4a866562)
[2023-12-19 19:50:11] [ INFO ] [DashboardController:34] se accedio correctamente al usuario: status: <200 OK OK,UsuarioDashboardDTO(id=10, nombre=Gonza, apellido=Pena, email=penagonza@hotmail.com, edificio=com.crece.crece.model.Edificio@4a866562),[]>
[2023-12-19 19:50:11] [ INFO ] [DashboardController:34] se accedio correctamente al usuario: status: <200 OK OK,UsuarioDashboardDTO(id=10, nombre=Gonza, apellido=Pena, email=penagonza@hotmail.com, edificio=com.crece.crece.model.Edificio@35f052),[]>
[2023-12-19 19:51:57] [ INFO ] [UsuarioService:92] en la busqueda para el usuario del dashboard se armo este objeto: UsuarioDashboardDTO(id=10, nombre=Gonza, apellido=Pena, email=penagonza@hotmail.com, edificio=com.crece.crece.model.Edificio@198a7a18)
[2023-12-19 19:51:57] [ INFO ] [DashboardController:34] se accedio correctamente al usuario: status: <200 OK OK,UsuarioDashboardDTO(id=10, nombre=Gonza, apellido=Pena, email=penagonza@hotmail.com, edificio=com.crece.crece.model.Edificio@198a7a18),[]>
[2023-12-19 19:51:57] [ INFO ] [UsuarioService:92] en la busqueda para el usuario del dashboard se armo este objeto: UsuarioDashboardDTO(id=10, nombre=Gonza, apellido=Pena, email=penagonza@hotmail.com, edificio=com.crece.crece.model.Edificio@5606da9f)
[2023-12-19 19:51:57] [ INFO ] [DashboardController:34] se accedio correctamente al usuario: status: <200 OK OK,UsuarioDashboardDTO(id=10, nombre=Gonza, apellido=Pena, email=penagonza@hotmail.com, edificio=com.crece.crece.model.Edificio@5606da9f),[]>
[2023-12-19 20:06:51] [ INFO ] [UsuarioService:92] en la busqueda para el usuario del dashboard se armo este objeto: UsuarioDashboardDTO(id=10, nombre=Gonza, apellido=Pena, email=penagonza@hotmail.com, edificio=com.crece.crece.model.Edificio@4bdec31d)
[2023-12-19 20:06:51] [ INFO ] [DashboardController:34] se accedio correctamente al usuario: status: <200 OK OK,UsuarioDashboardDTO(id=10, nombre=Gonza, apellido=Pena, email=penagonza@hotmail.com, edificio=com.crece.crece.model.Edificio@4bdec31d),[]>
[2023-12-19 20:06:51] [ INFO ] [UsuarioService:92] en la busqueda para el usuario del dashboard se armo este objeto: UsuarioDashboardDTO(id=10, nombre=Gonza, apellido=Pena, email=penagonza@hotmail.com, edificio=com.crece.crece.model.Edificio@5418850a)
[2023-12-19 20:06:51] [ INFO ] [DashboardController:34] se accedio correctamente al usuario: status: <200 OK OK,UsuarioDashboardDTO(id=10, nombre=Gonza, apellido=Pena, email=penagonza@hotmail.com, edificio=com.crece.crece.model.Edificio@5418850a),[]>
[2023-12-19 20:10:45] [ INFO ] [UsuarioService:92] en la busqueda para el usuario del dashboard se armo este objeto: UsuarioDashboardDTO(id=10, nombre=Gonza, apellido=Pena, email=penagonza@hotmail.com, edificio=com.crece.crece.model.Edificio@2c2b61bd)
[2023-12-19 20:10:45] [ INFO ] [DashboardController:34] se accedio correctamente al usuario: status: <200 OK OK,UsuarioDashboardDTO(id=10, nombre=Gonza, apellido=Pena, email=penagonza@hotmail.com, edificio=com.crece.crece.model.Edificio@2c2b61bd),[]>
[2023-12-19 20:10:46] [ INFO ] [UsuarioService:92] en la busqueda para el usuario del dashboard se armo este objeto: UsuarioDashboardDTO(id=10, nombre=Gonza, apellido=Pena, email=penagonza@hotmail.com, edificio=com.crece.crece.model.Edificio@6e8a3eac)
[2023-12-19 20:10:46] [ INFO ] [DashboardController:34] se accedio correctamente al usuario: status: <200 OK OK,UsuarioDashboardDTO(id=10, nombre=Gonza, apellido=Pena, email=penagonza@hotmail.com, edificio=com.crece.crece.model.Edificio@6e8a3eac),[]>
[2023-12-19 20:12:18] [ INFO ] [UsuarioService:92] en la busqueda para el usuario del dashboard se armo este objeto: UsuarioDashboardDTO(id=10, nombre=Gonza, apellido=Pena, email=penagonza@hotmail.com, edificio=com.crece.crece.model.Edificio@1ae4ff11)
[2023-12-19 20:12:18] [ INFO ] [DashboardController:34] se accedio correctamente al usuario: status: <200 OK OK,UsuarioDashboardDTO(id=10, nombre=Gonza, apellido=Pena, email=penagonza@hotmail.com, edificio=com.crece.crece.model.Edificio@1ae4ff11),[]>
[2023-12-19 20:12:18] [ INFO ] [UsuarioService:92] en la busqueda para el usuario del dashboard se armo este objeto: UsuarioDashboardDTO(id=10, nombre=Gonza, apellido=Pena, email=penagonza@hotmail.com, edificio=com.crece.crece.model.Edificio@2ae50b0f)
[2023-12-19 20:12:18] [ INFO ] [DashboardController:34] se accedio correctamente al usuario: status: <200 OK OK,UsuarioDashboardDTO(id=10, nombre=Gonza, apellido=Pena, email=penagonza@hotmail.com, edificio=com.crece.crece.model.Edificio@2ae50b0f),[]>
[2023-12-19 20:21:57] [ INFO ] [UsuarioService:92] en la busqueda para el usuario del dashboard se armo este objeto: UsuarioDashboardDTO(id=10, nombre=Gonza, apellido=Pena, email=penagonza@hotmail.com, edificio=com.crece.crece.model.Edificio@6cb672fd)
[2023-12-19 20:21:57] [ INFO ] [DashboardController:34] se accedio correctamente al usuario: status: <200 OK OK,UsuarioDashboardDTO(id=10, nombre=Gonza, apellido=Pena, email=penagonza@hotmail.com, edificio=com.crece.crece.model.Edificio@6cb672fd),[]>
[2023-12-19 20:21:57] [ INFO ] [UsuarioService:92] en la busqueda para el usuario del dashboard se armo este objeto: UsuarioDashboardDTO(id=10, nombre=Gonza, apellido=Pena, email=penagonza@hotmail.com, edificio=com.crece.crece.model.Edificio@357d8e40)
[2023-12-19 20:21:57] [ INFO ] [DashboardController:34] se accedio correctamente al usuario: status: <200 OK OK,UsuarioDashboardDTO(id=10, nombre=Gonza, apellido=Pena, email=penagonza@hotmail.com, edificio=com.crece.crece.model.Edificio@357d8e40),[]>
[2023-12-19 20:23:14] [ INFO ] [UsuarioService:92] en la busqueda para el usuario del dashboard se armo este objeto: UsuarioDashboardDTO(id=10, nombre=Gonza, apellido=Pena, email=penagonza@hotmail.com, edificio=com.crece.crece.model.Edificio@35df7009)
[2023-12-19 20:23:14] [ INFO ] [DashboardController:34] se accedio correctamente al usuario: status: <200 OK OK,UsuarioDashboardDTO(id=10, nombre=Gonza, apellido=Pena, email=penagonza@hotmail.com, edificio=com.crece.crece.model.Edificio@35df7009),[]>
[2023-12-19 20:23:14] [ INFO ] [UsuarioService:92] en la busqueda para el usuario del dashboard se armo este objeto: UsuarioDashboardDTO(id=10, nombre=Gonza, apellido=Pena, email=penagonza@hotmail.com, edificio=com.crece.crece.model.Edificio@4d637dc2)
[2023-12-19 20:23:14] [ INFO ] [DashboardController:34] se accedio correctamente al usuario: status: <200 OK OK,UsuarioDashboardDTO(id=10, nombre=Gonza, apellido=Pena, email=penagonza@hotmail.com, edificio=com.crece.crece.model.Edificio@4d637dc2),[]>
[2023-12-19 20:26:10] [ INFO ] [UsuarioService:92] en la busqueda para el usuario del dashboard se armo este objeto: UsuarioDashboardDTO(id=10, nombre=Gonza, apellido=Pena, email=penagonza@hotmail.com, edificio=com.crece.crece.model.Edificio@21561ce3)
[2023-12-19 20:26:10] [ INFO ] [DashboardController:34] se accedio correctamente al usuario: status: <200 OK OK,UsuarioDashboardDTO(id=10, nombre=Gonza, apellido=Pena, email=penagonza@hotmail.com, edificio=com.crece.crece.model.Edificio@21561ce3),[]>
[2023-12-19 20:26:10] [ INFO ] [UsuarioService:92] en la busqueda para el usuario del dashboard se armo este objeto: UsuarioDashboardDTO(id=10, nombre=Gonza, apellido=Pena, email=penagonza@hotmail.com, edificio=com.crece.crece.model.Edificio@593f676a)
[2023-12-19 20:26:10] [ INFO ] [DashboardController:34] se accedio correctamente al usuario: status: <200 OK OK,UsuarioDashboardDTO(id=10, nombre=Gonza, apellido=Pena, email=penagonza@hotmail.com, edificio=com.crece.crece.model.Edificio@593f676a),[]>
[2023-12-19 20:26:52] [ INFO ] [UsuarioService:92] en la busqueda para el usuario del dashboard se armo este objeto: UsuarioDashboardDTO(id=10, nombre=Gonza, apellido=Pena, email=penagonza@hotmail.com, edificio=com.crece.crece.model.Edificio@16288e8e)
[2023-12-19 20:26:52] [ INFO ] [DashboardController:34] se accedio correctamente al usuario: status: <200 OK OK,UsuarioDashboardDTO(id=10, nombre=Gonza, apellido=Pena, email=penagonza@hotmail.com, edificio=com.crece.crece.model.Edificio@16288e8e),[]>
[2023-12-19 20:26:52] [ INFO ] [UsuarioService:92] en la busqueda para el usuario del dashboard se armo este objeto: UsuarioDashboardDTO(id=10, nombre=Gonza, apellido=Pena, email=penagonza@hotmail.com, edificio=com.crece.crece.model.Edificio@65bced5f)
[2023-12-19 20:26:52] [ INFO ] [DashboardController:34] se accedio correctamente al usuario: status: <200 OK OK,UsuarioDashboardDTO(id=10, nombre=Gonza, apellido=Pena, email=penagonza@hotmail.com, edificio=com.crece.crece.model.Edificio@65bced5f),[]>
[2023-12-19 20:43:30] [ INFO ] [UsuarioService:92] en la busqueda para el usuario del dashboard se armo este objeto: UsuarioDashboardDTO(id=10, nombre=Gonza, apellido=Pena, email=penagonza@hotmail.com, edificio=com.crece.crece.model.Edificio@5926313c)
[2023-12-19 20:43:30] [ INFO ] [DashboardController:34] se accedio correctamente al usuario: status: <200 OK OK,UsuarioDashboardDTO(id=10, nombre=Gonza, apellido=Pena, email=penagonza@hotmail.com, edificio=com.crece.crece.model.Edificio@5926313c),[]>
[2023-12-19 20:43:30] [ INFO ] [UsuarioService:92] en la busqueda para el usuario del dashboard se armo este objeto: UsuarioDashboardDTO(id=10, nombre=Gonza, apellido=Pena, email=penagonza@hotmail.com, edificio=com.crece.crece.model.Edificio@6718c3a4)
[2023-12-19 20:43:30] [ INFO ] [DashboardController:34] se accedio correctamente al usuario: status: <200 OK OK,UsuarioDashboardDTO(id=10, nombre=Gonza, apellido=Pena, email=penagonza@hotmail.com, edificio=com.crece.crece.model.Edificio@6718c3a4),[]>
[2023-12-19 20:46:32] [ INFO ] [UsuarioService:92] en la busqueda para el usuario del dashboard se armo este objeto: UsuarioDashboardDTO(id=10, nombre=Gonza, apellido=Pena, email=penagonza@hotmail.com, edificio=com.crece.crece.model.Edificio@7d13f032)
[2023-12-19 20:46:32] [ INFO ] [DashboardController:34] se accedio correctamente al usuario: status: <200 OK OK,UsuarioDashboardDTO(id=10, nombre=Gonza, apellido=Pena, email=penagonza@hotmail.com, edificio=com.crece.crece.model.Edificio@7d13f032),[]>
[2023-12-19 20:46:32] [ INFO ] [UsuarioService:92] en la busqueda para el usuario del dashboard se armo este objeto: UsuarioDashboardDTO(id=10, nombre=Gonza, apellido=Pena, email=penagonza@hotmail.com, edificio=com.crece.crece.model.Edificio@178a9e8c)
[2023-12-19 20:46:32] [ INFO ] [DashboardController:34] se accedio correctamente al usuario: status: <200 OK OK,UsuarioDashboardDTO(id=10, nombre=Gonza, apellido=Pena, email=penagonza@hotmail.com, edificio=com.crece.crece.model.Edificio@178a9e8c),[]>
[2023-12-19 21:06:54] [ INFO ] [UsuarioService:92] en la busqueda para el usuario del dashboard se armo este objeto: UsuarioDashboardDTO(id=10, nombre=Gonza, apellido=Pena, email=penagonza@hotmail.com, edificio=com.crece.crece.model.Edificio@2c858676)
[2023-12-19 21:06:54] [ INFO ] [DashboardController:34] se accedio correctamente al usuario: status: <200 OK OK,UsuarioDashboardDTO(id=10, nombre=Gonza, apellido=Pena, email=penagonza@hotmail.com, edificio=com.crece.crece.model.Edificio@2c858676),[]>
[2023-12-19 21:06:54] [ INFO ] [UsuarioService:92] en la busqueda para el usuario del dashboard se armo este objeto: UsuarioDashboardDTO(id=10, nombre=Gonza, apellido=Pena, email=penagonza@hotmail.com, edificio=com.crece.crece.model.Edificio@688df936)
[2023-12-19 21:06:54] [ INFO ] [DashboardController:34] se accedio correctamente al usuario: status: <200 OK OK,UsuarioDashboardDTO(id=10, nombre=Gonza, apellido=Pena, email=penagonza@hotmail.com, edificio=com.crece.crece.model.Edificio@688df936),[]>
[2023-12-19 21:17:50] [ INFO ] [UsuarioService:92] en la busqueda para el usuario del dashboard se armo este objeto: UsuarioDashboardDTO(id=10, nombre=Gonza, apellido=Pena, email=penagonza@hotmail.com, edificio=com.crece.crece.model.Edificio@28f6b08a)
[2023-12-19 21:17:50] [ INFO ] [DashboardController:34] se accedio correctamente al usuario: status: <200 OK OK,UsuarioDashboardDTO(id=10, nombre=Gonza, apellido=Pena, email=penagonza@hotmail.com, edificio=com.crece.crece.model.Edificio@28f6b08a),[]>
[2023-12-19 21:17:50] [ INFO ] [UsuarioService:92] en la busqueda para el usuario del dashboard se armo este objeto: UsuarioDashboardDTO(id=10, nombre=Gonza, apellido=Pena, email=penagonza@hotmail.com, edificio=com.crece.crece.model.Edificio@4fb4f637)
[2023-12-19 21:17:50] [ INFO ] [DashboardController:34] se accedio correctamente al usuario: status: <200 OK OK,UsuarioDashboardDTO(id=10, nombre=Gonza, apellido=Pena, email=penagonza@hotmail.com, edificio=com.crece.crece.model.Edificio@4fb4f637),[]>
[2023-12-19 21:21:05] [ INFO ] [UsuarioService:92] en la busqueda para el usuario del dashboard se armo este objeto: UsuarioDashboardDTO(id=10, nombre=Gonza, apellido=Pena, email=penagonza@hotmail.com, edificio=com.crece.crece.model.Edificio@2a08adf2)
[2023-12-19 21:21:05] [ INFO ] [UsuarioService:92] en la busqueda para el usuario del dashboard se armo este objeto: UsuarioDashboardDTO(id=10, nombre=Gonza, apellido=Pena, email=penagonza@hotmail.com, edificio=com.crece.crece.model.Edificio@718d609c)
[2023-12-19 21:21:05] [ INFO ] [DashboardController:34] se accedio correctamente al usuario: status: <200 OK OK,UsuarioDashboardDTO(id=10, nombre=Gonza, apellido=Pena, email=penagonza@hotmail.com, edificio=com.crece.crece.model.Edificio@718d609c),[]>
[2023-12-19 21:21:05] [ INFO ] [DashboardController:34] se accedio correctamente al usuario: status: <200 OK OK,UsuarioDashboardDTO(id=10, nombre=Gonza, apellido=Pena, email=penagonza@hotmail.com, edificio=com.crece.crece.model.Edificio@2a08adf2),[]>
[2023-12-19 21:26:23] [ INFO ] [UsuarioService:92] en la busqueda para el usuario del dashboard se armo este objeto: UsuarioDashboardDTO(id=10, nombre=Gonza, apellido=Pena, email=penagonza@hotmail.com, edificio=com.crece.crece.model.Edificio@79866218)
[2023-12-19 21:26:23] [ INFO ] [UsuarioService:92] en la busqueda para el usuario del dashboard se armo este objeto: UsuarioDashboardDTO(id=10, nombre=Gonza, apellido=Pena, email=penagonza@hotmail.com, edificio=com.crece.crece.model.Edificio@274b9863)
[2023-12-19 21:26:23] [ INFO ] [DashboardController:34] se accedio correctamente al usuario: status: <200 OK OK,UsuarioDashboardDTO(id=10, nombre=Gonza, apellido=Pena, email=penagonza@hotmail.com, edificio=com.crece.crece.model.Edificio@79866218),[]>
[2023-12-19 21:26:23] [ INFO ] [DashboardController:34] se accedio correctamente al usuario: status: <200 OK OK,UsuarioDashboardDTO(id=10, nombre=Gonza, apellido=Pena, email=penagonza@hotmail.com, edificio=com.crece.crece.model.Edificio@274b9863),[]>
[2023-12-19 21:29:10] [ INFO ] [UsuarioService:92] en la busqueda para el usuario del dashboard se armo este objeto: UsuarioDashboardDTO(id=10, nombre=Gonza, apellido=Pena, email=penagonza@hotmail.com, edificio=com.crece.crece.model.Edificio@16a297c1)
[2023-12-19 21:29:10] [ INFO ] [DashboardController:34] se accedio correctamente al usuario: status: <200 OK OK,UsuarioDashboardDTO(id=10, nombre=Gonza, apellido=Pena, email=penagonza@hotmail.com, edificio=com.crece.crece.model.Edificio@16a297c1),[]>
[2023-12-19 21:29:10] [ INFO ] [UsuarioService:92] en la busqueda para el usuario del dashboard se armo este objeto: UsuarioDashboardDTO(id=10, nombre=Gonza, apellido=Pena, email=penagonza@hotmail.com, edificio=com.crece.crece.model.Edificio@41b09f63)
[2023-12-19 21:29:10] [ INFO ] [DashboardController:34] se accedio correctamente al usuario: status: <200 OK OK,UsuarioDashboardDTO(id=10, nombre=Gonza, apellido=Pena, email=penagonza@hotmail.com, edificio=com.crece.crece.model.Edificio@41b09f63),[]>
[2023-12-19 21:29:20] [ INFO ] [UsuarioService:92] en la busqueda para el usuario del dashboard se armo este objeto: UsuarioDashboardDTO(id=10, nombre=Gonza, apellido=Pena, email=penagonza@hotmail.com, edificio=com.crece.crece.model.Edificio@63de9d11)
[2023-12-19 21:29:20] [ INFO ] [DashboardController:34] se accedio correctamente al usuario: status: <200 OK OK,UsuarioDashboardDTO(id=10, nombre=Gonza, apellido=Pena, email=penagonza@hotmail.com, edificio=com.crece.crece.model.Edificio@63de9d11),[]>
[2023-12-19 21:29:20] [ INFO ] [UsuarioService:92] en la busqueda para el usuario del dashboard se armo este objeto: UsuarioDashboardDTO(id=10, nombre=Gonza, apellido=Pena, email=penagonza@hotmail.com, edificio=com.crece.crece.model.Edificio@2d3af7d5)
[2023-12-19 21:29:20] [ INFO ] [DashboardController:34] se accedio correctamente al usuario: status: <200 OK OK,UsuarioDashboardDTO(id=10, nombre=Gonza, apellido=Pena, email=penagonza@hotmail.com, edificio=com.crece.crece.model.Edificio@2d3af7d5),[]>
[2023-12-19 21:30:17] [ INFO ] [UsuarioService:92] en la busqueda para el usuario del dashboard se armo este objeto: UsuarioDashboardDTO(id=10, nombre=Gonza, apellido=Pena, email=penagonza@hotmail.com, edificio=com.crece.crece.model.Edificio@d5bca90)
[2023-12-19 21:30:17] [ INFO ] [UsuarioService:92] en la busqueda para el usuario del dashboard se armo este objeto: UsuarioDashboardDTO(id=10, nombre=Gonza, apellido=Pena, email=penagonza@hotmail.com, edificio=com.crece.crece.model.Edificio@784add72)
[2023-12-19 21:30:17] [ INFO ] [DashboardController:34] se accedio correctamente al usuario: status: <200 OK OK,UsuarioDashboardDTO(id=10, nombre=Gonza, apellido=Pena, email=penagonza@hotmail.com, edificio=com.crece.crece.model.Edificio@784add72),[]>
[2023-12-19 21:30:17] [ INFO ] [DashboardController:34] se accedio correctamente al usuario: status: <200 OK OK,UsuarioDashboardDTO(id=10, nombre=Gonza, apellido=Pena, email=penagonza@hotmail.com, edificio=com.crece.crece.model.Edificio@d5bca90),[]>
[2023-12-19 21:40:13] [ INFO ] [UsuarioService:92] en la busqueda para el usuario del dashboard se armo este objeto: UsuarioDashboardDTO(id=10, nombre=Gonza, apellido=Pena, email=penagonza@hotmail.com, edificio=com.crece.crece.model.Edificio@17e03dc6)
[2023-12-19 21:40:13] [ INFO ] [DashboardController:34] se accedio correctamente al usuario: status: <200 OK OK,UsuarioDashboardDTO(id=10, nombre=Gonza, apellido=Pena, email=penagonza@hotmail.com, edificio=com.crece.crece.model.Edificio@17e03dc6),[]>
[2023-12-19 21:40:17] [ INFO ] [UsuarioService:92] en la busqueda para el usuario del dashboard se armo este objeto: UsuarioDashboardDTO(id=10, nombre=Gonza, apellido=Pena, email=penagonza@hotmail.com, edificio=com.crece.crece.model.Edificio@63a70bd2)
[2023-12-19 21:40:17] [ INFO ] [DashboardController:34] se accedio correctamente al usuario: status: <200 OK OK,UsuarioDashboardDTO(id=10, nombre=Gonza, apellido=Pena, email=penagonza@hotmail.com, edificio=com.crece.crece.model.Edificio@63a70bd2),[]>
[2023-12-19 21:40:17] [ INFO ] [UsuarioService:92] en la busqueda para el usuario del dashboard se armo este objeto: UsuarioDashboardDTO(id=10, nombre=Gonza, apellido=Pena, email=penagonza@hotmail.com, edificio=com.crece.crece.model.Edificio@4a29126)
[2023-12-19 21:40:17] [ INFO ] [DashboardController:34] se accedio correctamente al usuario: status: <200 OK OK,UsuarioDashboardDTO(id=10, nombre=Gonza, apellido=Pena, email=penagonza@hotmail.com, edificio=com.crece.crece.model.Edificio@4a29126),[]>
[2023-12-19 21:40:19] [ INFO ] [UsuarioService:92] en la busqueda para el usuario del dashboard se armo este objeto: UsuarioDashboardDTO(id=10, nombre=Gonza, apellido=Pena, email=penagonza@hotmail.com, edificio=com.crece.crece.model.Edificio@48e0791d)
[2023-12-19 21:40:19] [ INFO ] [UsuarioService:92] en la busqueda para el usuario del dashboard se armo este objeto: UsuarioDashboardDTO(id=10, nombre=Gonza, apellido=Pena, email=penagonza@hotmail.com, edificio=com.crece.crece.model.Edificio@793ac9c0)
[2023-12-19 21:40:19] [ INFO ] [DashboardController:34] se accedio correctamente al usuario: status: <200 OK OK,UsuarioDashboardDTO(id=10, nombre=Gonza, apellido=Pena, email=penagonza@hotmail.com, edificio=com.crece.crece.model.Edificio@48e0791d),[]>
[2023-12-19 21:40:19] [ INFO ] [DashboardController:34] se accedio correctamente al usuario: status: <200 OK OK,UsuarioDashboardDTO(id=10, nombre=Gonza, apellido=Pena, email=penagonza@hotmail.com, edificio=com.crece.crece.model.Edificio@793ac9c0),[]>
[2023-12-19 21:44:20] [ INFO ] [UsuarioService:92] en la busqueda para el usuario del dashboard se armo este objeto: UsuarioDashboardDTO(id=10, nombre=Gonza, apellido=Pena, email=penagonza@hotmail.com, edificio=com.crece.crece.model.Edificio@50e2a8e9)
[2023-12-19 21:44:20] [ INFO ] [DashboardController:34] se accedio correctamente al usuario: status: <200 OK OK,UsuarioDashboardDTO(id=10, nombre=Gonza, apellido=Pena, email=penagonza@hotmail.com, edificio=com.crece.crece.model.Edificio@50e2a8e9),[]>
[2023-12-19 21:44:20] [ INFO ] [UsuarioService:92] en la busqueda para el usuario del dashboard se armo este objeto: UsuarioDashboardDTO(id=10, nombre=Gonza, apellido=Pena, email=penagonza@hotmail.com, edificio=com.crece.crece.model.Edificio@5707b159)
[2023-12-19 21:44:20] [ INFO ] [DashboardController:34] se accedio correctamente al usuario: status: <200 OK OK,UsuarioDashboardDTO(id=10, nombre=Gonza, apellido=Pena, email=penagonza@hotmail.com, edificio=com.crece.crece.model.Edificio@5707b159),[]>
[2023-12-19 21:45:43] [ INFO ] [UsuarioService:92] en la busqueda para el usuario del dashboard se armo este objeto: UsuarioDashboardDTO(id=10, nombre=Gonza, apellido=Pena, email=penagonza@hotmail.com, edificio=com.crece.crece.model.Edificio@5dc9f27a)
[2023-12-19 21:45:43] [ INFO ] [DashboardController:34] se accedio correctamente al usuario: status: <200 OK OK,UsuarioDashboardDTO(id=10, nombre=Gonza, apellido=Pena, email=penagonza@hotmail.com, edificio=com.crece.crece.model.Edificio@5dc9f27a),[]>
[2023-12-19 21:45:43] [ INFO ] [UsuarioService:92] en la busqueda para el usuario del dashboard se armo este objeto: UsuarioDashboardDTO(id=10, nombre=Gonza, apellido=Pena, email=penagonza@hotmail.com, edificio=com.crece.crece.model.Edificio@17524269)
[2023-12-19 21:45:43] [ INFO ] [DashboardController:34] se accedio correctamente al usuario: status: <200 OK OK,UsuarioDashboardDTO(id=10, nombre=Gonza, apellido=Pena, email=penagonza@hotmail.com, edificio=com.crece.crece.model.Edificio@17524269),[]>
[2023-12-19 21:46:21] [ INFO ] [UsuarioService:92] en la busqueda para el usuario del dashboard se armo este objeto: UsuarioDashboardDTO(id=10, nombre=Gonza, apellido=Pena, email=penagonza@hotmail.com, edificio=com.crece.crece.model.Edificio@579edb05)
[2023-12-19 21:46:21] [ INFO ] [DashboardController:34] se accedio correctamente al usuario: status: <200 OK OK,UsuarioDashboardDTO(id=10, nombre=Gonza, apellido=Pena, email=penagonza@hotmail.com, edificio=com.crece.crece.model.Edificio@579edb05),[]>
[2023-12-19 21:46:21] [ INFO ] [UsuarioService:92] en la busqueda para el usuario del dashboard se armo este objeto: UsuarioDashboardDTO(id=10, nombre=Gonza, apellido=Pena, email=penagonza@hotmail.com, edificio=com.crece.crece.model.Edificio@4cad3239)
[2023-12-19 21:46:21] [ INFO ] [DashboardController:34] se accedio correctamente al usuario: status: <200 OK OK,UsuarioDashboardDTO(id=10, nombre=Gonza, apellido=Pena, email=penagonza@hotmail.com, edificio=com.crece.crece.model.Edificio@4cad3239),[]>
[2023-12-19 21:53:32] [ INFO ] [UsuarioService:92] en la busqueda para el usuario del dashboard se armo este objeto: UsuarioDashboardDTO(id=10, nombre=Gonza, apellido=Pena, email=penagonza@hotmail.com, edificio=com.crece.crece.model.Edificio@46bfb3a5)
[2023-12-19 21:53:32] [ INFO ] [DashboardController:34] se accedio correctamente al usuario: status: <200 OK OK,UsuarioDashboardDTO(id=10, nombre=Gonza, apellido=Pena, email=penagonza@hotmail.com, edificio=com.crece.crece.model.Edificio@46bfb3a5),[]>
[2023-12-19 21:53:32] [ INFO ] [UsuarioService:92] en la busqueda para el usuario del dashboard se armo este objeto: UsuarioDashboardDTO(id=10, nombre=Gonza, apellido=Pena, email=penagonza@hotmail.com, edificio=com.crece.crece.model.Edificio@77770a02)
[2023-12-19 21:53:32] [ INFO ] [DashboardController:34] se accedio correctamente al usuario: status: <200 OK OK,UsuarioDashboardDTO(id=10, nombre=Gonza, apellido=Pena, email=penagonza@hotmail.com, edificio=com.crece.crece.model.Edificio@77770a02),[]>
[2023-12-19 21:55:36] [ INFO ] [UsuarioService:92] en la busqueda para el usuario del dashboard se armo este objeto: UsuarioDashboardDTO(id=10, nombre=Gonza, apellido=Pena, email=penagonza@hotmail.com, edificio=com.crece.crece.model.Edificio@ff7a340)
[2023-12-19 21:55:36] [ INFO ] [DashboardController:34] se accedio correctamente al usuario: status: <200 OK OK,UsuarioDashboardDTO(id=10, nombre=Gonza, apellido=Pena, email=penagonza@hotmail.com, edificio=com.crece.crece.model.Edificio@ff7a340),[]>
[2023-12-19 21:55:36] [ INFO ] [UsuarioService:92] en la busqueda para el usuario del dashboard se armo este objeto: UsuarioDashboardDTO(id=10, nombre=Gonza, apellido=Pena, email=penagonza@hotmail.com, edificio=com.crece.crece.model.Edificio@1aee23e0)
[2023-12-19 21:55:36] [ INFO ] [DashboardController:34] se accedio correctamente al usuario: status: <200 OK OK,UsuarioDashboardDTO(id=10, nombre=Gonza, apellido=Pena, email=penagonza@hotmail.com, edificio=com.crece.crece.model.Edificio@1aee23e0),[]>
[2023-12-19 22:08:06] [ INFO ] [UsuarioService:92] en la busqueda para el usuario del dashboard se armo este objeto: UsuarioDashboardDTO(id=10, nombre=Gonza, apellido=Pena, email=penagonza@hotmail.com, edificio=com.crece.crece.model.Edificio@4789f77b)
[2023-12-19 22:08:06] [ INFO ] [DashboardController:34] se accedio correctamente al usuario: status: <200 OK OK,UsuarioDashboardDTO(id=10, nombre=Gonza, apellido=Pena, email=penagonza@hotmail.com, edificio=com.crece.crece.model.Edificio@4789f77b),[]>
[2023-12-19 22:08:06] [ INFO ] [UsuarioService:92] en la busqueda para el usuario del dashboard se armo este objeto: UsuarioDashboardDTO(id=10, nombre=Gonza, apellido=Pena, email=penagonza@hotmail.com, edificio=com.crece.crece.model.Edificio@4ae39ea8)
[2023-12-19 22:08:06] [ INFO ] [DashboardController:34] se accedio correctamente al usuario: status: <200 OK OK,UsuarioDashboardDTO(id=10, nombre=Gonza, apellido=Pena, email=penagonza@hotmail.com, edificio=com.crece.crece.model.Edificio@4ae39ea8),[]>
[2023-12-19 22:09:25] [ INFO ] [UsuarioService:92] en la busqueda para el usuario del dashboard se armo este objeto: UsuarioDashboardDTO(id=10, nombre=Gonza, apellido=Pena, email=penagonza@hotmail.com, edificio=com.crece.crece.model.Edificio@307c2954)
[2023-12-19 22:09:25] [ INFO ] [DashboardController:34] se accedio correctamente al usuario: status: <200 OK OK,UsuarioDashboardDTO(id=10, nombre=Gonza, apellido=Pena, email=penagonza@hotmail.com, edificio=com.crece.crece.model.Edificio@307c2954),[]>
[2023-12-19 22:09:25] [ INFO ] [UsuarioService:92] en la busqueda para el usuario del dashboard se armo este objeto: UsuarioDashboardDTO(id=10, nombre=Gonza, apellido=Pena, email=penagonza@hotmail.com, edificio=com.crece.crece.model.Edificio@19d8598)
[2023-12-19 22:09:25] [ INFO ] [DashboardController:34] se accedio correctamente al usuario: status: <200 OK OK,UsuarioDashboardDTO(id=10, nombre=Gonza, apellido=Pena, email=penagonza@hotmail.com, edificio=com.crece.crece.model.Edificio@19d8598),[]>
[2023-12-21 00:49:24] [ INFO ] [UsuarioService:53] usuario registrado con exito
[2024-01-10 21:05:48] [ INFO ] [UsuarioService:53] usuario registrado con exito
[2024-01-11 15:25:06] [ INFO ] [UsuarioService:55] usuario registrado con exito
[2024-01-11 15:25:24] [ INFO ] [UsuarioService:55] usuario registrado con exito
[2024-01-11 20:13:12] [ INFO ] [UsuarioService:55] usuario registrado con exito
[2024-01-15 22:54:52] [ INFO ] [UsuarioService:104] en la busqueda para el usuario del dashboard se armo este objeto: UsuarioDashboardDTO(id=22, nombre=Brian, apellido=Mermelstein, email=bmermel@gmail.com, edificio=com.crece.crece.model.Edificio@7e8fdd96, habilitado=true)
